# Logfile created on Sun Jul 04 14:03:28 +0900 2010 by logger.rb/22285
Completed in 158ms (View: 132, DB: 20) | 200 OK [http://localhost/public/list]
  [4;36;1mSQL (1.4ms)[0m   [0;1m SELECT name
 FROM sqlite_master
 WHERE type = 'table' AND NOT name = 'sqlite_sequence'
[0m
  [4;35;1mSQL (0.3ms)[0m   [0mSELECT version FROM schema_migrations[0m
Migrating to CreateMemos (20100509025135)
Migrating to CreateSessions (20100509030054)
Migrating to AddColumn (20100509052256)
Migrating to AddColumn2 (20100509074313)
Migrating to CreateUsers (20100516013148)
Migrating to Add (20100516082014)
Migrating to ChangeColumn01 (20100704050820)
  [4;36;1mSQL (0.1ms)[0m   [0;1mselect sqlite_version(*)[0m
  [4;35;1mSQL (1.2ms)[0m   [0mALTER TABLE "users" ADD "login_id" varchar(255)[0m
  [4;36;1mSQL (0.2ms)[0m   [0;1mALTER TABLE "users" ADD "hashed_password" varchar(255)[0m
  [4;35;1mSQL (0.2ms)[0m   [0mALTER TABLE "users" ADD "salt" varchar(255)[0m
  [4;36;1mSQL (0.1ms)[0m   [0;1mINSERT INTO schema_migrations (version) VALUES ('20100704050820')[0m
  [4;35;1mSQL (0.4ms)[0m   [0m SELECT name
 FROM sqlite_master
 WHERE type = 'table' AND NOT name = 'sqlite_sequence'
[0m
  [4;36;1mSQL (0.3ms)[0m   [0;1mSELECT version FROM schema_migrations[0m
  [4;35;1mSQL (0.2ms)[0m   [0m SELECT name
 FROM sqlite_master
 WHERE type = 'table' AND NOT name = 'sqlite_sequence'
[0m
  [4;36;1mSQL (0.0ms)[0m   [0;1mPRAGMA index_list("memos")[0m
  [4;35;1mSQL (0.1ms)[0m   [0mPRAGMA index_list("sessions")[0m
  [4;36;1mSQL (0.1ms)[0m   [0;1mPRAGMA index_info('index_sessions_on_updated_at')[0m
  [4;35;1mSQL (0.1ms)[0m   [0mPRAGMA index_info('index_sessions_on_session_id')[0m
  [4;36;1mSQL (0.0ms)[0m   [0;1mPRAGMA index_list("users")[0m


Processing UsersController#entry (for 127.0.0.1 at 2010-07-04 14:26:19) [GET]
Rendering template within layouts/base
Rendering users/entry
Completed in 189ms (View: 168, DB: 1) | 200 OK [http://localhost/users/entry]


Processing UsersController#entry (for 127.0.0.1 at 2010-07-04 14:41:58) [GET]
Rendering template within layouts/base
Rendering users/entry
Completed in 22ms (View: 13, DB: 1) | 200 OK [http://localhost/users/entry]


Processing UsersController#entry (for 127.0.0.1 at 2010-07-04 14:42:42) [GET]
Rendering template within layouts/base
Rendering users/entry
Completed in 20ms (View: 13, DB: 1) | 200 OK [http://localhost/users/entry]


Processing UsersController#confirm (for 127.0.0.1 at 2010-07-04 14:42:47) [POST]
  Parameters: {"commit"=>"ç¢ºèª", "authenticity_token"=>"ZvdEDzzestNA1S7Z4FRn5PIBsUiDPc+fIExVMDaWFqs=", "user"=>{"login_id"=>"", "password"=>""}}
Rendering template within layouts/base
Rendering users/confirm
Completed in 26ms (View: 15, DB: 1) | 200 OK [http://localhost/users/confirm]


Processing UsersController#entry (for 127.0.0.1 at 2010-07-04 14:42:51) [GET]
Rendering template within layouts/base
Rendering users/entry
Completed in 89ms (View: 9, DB: 1) | 200 OK [http://localhost/users/entry]


Processing UsersController#confirm (for 127.0.0.1 at 2010-07-04 14:45:34) [POST]
  Parameters: {"commit"=>"ç¢ºèª", "authenticity_token"=>"ZvdEDzzestNA1S7Z4FRn5PIBsUiDPc+fIExVMDaWFqs=", "user"=>{"login_id"=>"shu_0115", "password"=>"password"}}
Rendering template within layouts/base
Rendering users/confirm
Completed in 20ms (View: 11, DB: 1) | 200 OK [http://localhost/users/confirm]


Processing UsersController#create (for 127.0.0.1 at 2010-07-04 14:47:35) [POST]
  Parameters: {"commit"=>"ç™»éŒ²", "authenticity_token"=>"ZvdEDzzestNA1S7Z4FRn5PIBsUiDPc+fIExVMDaWFqs=", "user"=>{"login_id"=>"shu_0115", "password"=>"password"}}
  [4;36;1mUser Load (0.2ms)[0m   [0;1mSELECT "users".id FROM "users" WHERE ("users"."login_id" = 'shu_0115') LIMIT 1[0m
  [4;35;1mUser Create (2.0ms)[0m   [0mINSERT INTO "users" ("name", "salt", "created_at", "updated_at", "website_url", "hashed_password", "twitter_id", "birthday", "blog_url", "login_id", "password", "email") VALUES(NULL, '21631386400.149424072801212', '2010-07-04 05:47:35', '2010-07-04 05:47:35', NULL, '9db40eb474b1304e360263afe764e2ad16f79287', NULL, NULL, NULL, 'shu_0115', NULL, NULL)[0m

ActionView::MissingTemplate (Missing template users/list.erb in view path app/views):
  app/controllers/users_controller.rb:26:in `create'


Rendering rescues/layout (internal_server_error)


Processing UsersController#confirm (for 127.0.0.1 at 2010-07-04 14:50:45) [POST]
  Parameters: {"commit"=>"ç¢ºèª", "authenticity_token"=>"ZvdEDzzestNA1S7Z4FRn5PIBsUiDPc+fIExVMDaWFqs=", "user"=>{"login_id"=>"shu_0115", "password"=>"password"}}
Rendering template within layouts/base
Rendering users/confirm
Completed in 16ms (View: 6, DB: 1) | 200 OK [http://localhost/users/confirm]


Processing UsersController#confirm (for 127.0.0.1 at 2010-07-04 14:50:50) [GET]
Rendering template within layouts/base
Rendering users/confirm
Completed in 67ms (View: 59, DB: 0) | 200 OK [http://localhost/users/confirm]


Processing UsersController#entry (for 127.0.0.1 at 2010-07-04 14:50:52) [GET]
Rendering template within layouts/base
Rendering users/entry
Completed in 14ms (View: 7, DB: 0) | 200 OK [http://localhost/users/entry]


Processing UsersController#confirm (for 127.0.0.1 at 2010-07-04 14:51:11) [POST]
  Parameters: {"commit"=>"ç¢ºèª", "authenticity_token"=>"ZvdEDzzestNA1S7Z4FRn5PIBsUiDPc+fIExVMDaWFqs=", "user"=>{"login_id"=>"test01", "password"=>"password"}}
Rendering template within layouts/base
Rendering users/confirm
Completed in 16ms (View: 5, DB: 1) | 200 OK [http://localhost/users/confirm]


Processing UsersController#create (for 127.0.0.1 at 2010-07-04 14:51:12) [POST]
  Parameters: {"commit"=>"ç™»éŒ²", "authenticity_token"=>"ZvdEDzzestNA1S7Z4FRn5PIBsUiDPc+fIExVMDaWFqs=", "user"=>{"login_id"=>"test01", "password"=>"password"}}
  [4;36;1mUser Load (0.1ms)[0m   [0;1mSELECT "users".id FROM "users" WHERE ("users"."login_id" = 'test01') LIMIT 1[0m
  [4;35;1mUser Create (0.3ms)[0m   [0mINSERT INTO "users" ("name", "salt", "created_at", "updated_at", "website_url", "hashed_password", "twitter_id", "birthday", "blog_url", "login_id", "password", "email") VALUES(NULL, '21604090800.128673642492678', '2010-07-04 05:51:12', '2010-07-04 05:51:12', NULL, '2e9ff2d5ab486b53be98a68066511202c224a2e4', NULL, NULL, NULL, 'test01', NULL, NULL)[0m
Redirected to http://localhost:3000/
Completed in 14ms (DB: 1) | 302 Found [http://localhost/users/create]


Processing MemosController#list (for 127.0.0.1 at 2010-07-04 14:51:12) [GET]
Redirected to http://localhost:3000/public/list
Filter chain halted as [:login_check] rendered_or_redirected.
Completed in 1ms (DB: 1) | 302 Found [http://localhost/]


Processing PublicController#list (for 127.0.0.1 at 2010-07-04 14:51:12) [GET]
  [4;36;1mMemo Load (16.8ms)[0m   [0;1mSELECT * FROM "memos" WHERE ("memos"."mode" = 'public') ORDER BY category ASC, title ASC[0m
  [4;35;1mMemo Load (0.5ms)[0m   [0mSELECT DISTINCT category FROM "memos" WHERE (category != '' AND mode = 'public' ) ORDER BY category ASC[0m
Rendering template within layouts/base
Rendering public/list
Completed in 149ms (View: 124, DB: 18) | 200 OK [http://localhost/public/list]


Processing PublicController#list (for 127.0.0.1 at 2010-07-04 14:54:19) [GET]
  [4;36;1mMemo Load (13.6ms)[0m   [0;1mSELECT * FROM "memos" WHERE ("memos"."mode" = 'public') ORDER BY category ASC, title ASC[0m
  [4;35;1mMemo Load (0.7ms)[0m   [0mSELECT DISTINCT category FROM "memos" WHERE (category != '' AND mode = 'public' ) ORDER BY category ASC[0m
Rendering template within layouts/base
Rendering public/list
Completed in 133ms (View: 71, DB: 15) | 200 OK [http://localhost/public/list]


Processing PublicController#list (for 127.0.0.1 at 2010-07-04 14:55:26) [GET]
  [4;36;1mMemo Load (3.6ms)[0m   [0;1mSELECT * FROM "memos" WHERE ("memos"."mode" = 'public') ORDER BY category ASC, title ASC[0m
  [4;35;1mMemo Load (0.4ms)[0m   [0mSELECT DISTINCT category FROM "memos" WHERE (category != '' AND mode = 'public' ) ORDER BY category ASC[0m
Rendering template within layouts/base
Rendering public/list
Completed in 79ms (View: 70, DB: 4) | 200 OK [http://localhost/public/list]


Processing MemosController#list (for 127.0.0.1 at 2010-07-04 14:57:34) [POST]
  Parameters: {"url"=>{"action"=>"login", "controller"=>"users"}, "authenticity_token"=>"ZvdEDzzestNA1S7Z4FRn5PIBsUiDPc+fIExVMDaWFqs=", "login"=>{"login_id"=>"shu_0115", "password"=>"password"}, "request_url"=>"http://localhost:3000/public/list"}
Redirected to http://localhost:3000/public/list
Filter chain halted as [:login_check] rendered_or_redirected.
Completed in 2ms (DB: 1) | 302 Found [http://localhost/?url%5Baction%5D=login&url%5Bcontroller%5D=users]


Processing PublicController#list (for 127.0.0.1 at 2010-07-04 14:57:34) [GET]
  [4;36;1mMemo Load (3.7ms)[0m   [0;1mSELECT * FROM "memos" WHERE ("memos"."mode" = 'public') ORDER BY category ASC, title ASC[0m
  [4;35;1mMemo Load (0.4ms)[0m   [0mSELECT DISTINCT category FROM "memos" WHERE (category != '' AND mode = 'public' ) ORDER BY category ASC[0m
Rendering template within layouts/base
Rendering public/list
Completed in 127ms (View: 118, DB: 5) | 200 OK [http://localhost/public/list]


Processing MemosController#list (for 127.0.0.1 at 2010-07-04 15:01:28) [POST]
  Parameters: {"url"=>{"action"=>"login", "controller"=>"users"}, "authenticity_token"=>"ZvdEDzzestNA1S7Z4FRn5PIBsUiDPc+fIExVMDaWFqs=", "login"=>{"login_id"=>"shu_0115", "password"=>"password"}, "request_url"=>"http://localhost:3000/public/list"}
Redirected to http://localhost:3000/public/list
Filter chain halted as [:login_check] rendered_or_redirected.
Completed in 2ms (DB: 1) | 302 Found [http://localhost/?url%5Baction%5D=login&url%5Bcontroller%5D=users]


Processing PublicController#list (for 127.0.0.1 at 2010-07-04 15:01:28) [GET]
  [4;36;1mMemo Load (4.0ms)[0m   [0;1mSELECT * FROM "memos" WHERE ("memos"."mode" = 'public') ORDER BY category ASC, title ASC[0m
  [4;35;1mMemo Load (0.5ms)[0m   [0mSELECT DISTINCT category FROM "memos" WHERE (category != '' AND mode = 'public' ) ORDER BY category ASC[0m
Rendering template within layouts/base
Rendering public/list
Completed in 120ms (View: 111, DB: 5) | 200 OK [http://localhost/public/list]


Processing MemosController#list (for 127.0.0.1 at 2010-07-04 15:04:02) [POST]
  Parameters: {"url"=>{"action"=>"login", "controller"=>"users"}, "authenticity_token"=>"ZvdEDzzestNA1S7Z4FRn5PIBsUiDPc+fIExVMDaWFqs=", "login"=>{"login_id"=>"shu_0115", "password"=>"password"}, "request_url"=>"http://localhost:3000/public/list"}
Redirected to http://localhost:3000/public/list
Filter chain halted as [:login_check] rendered_or_redirected.
Completed in 2ms (DB: 1) | 302 Found [http://localhost/?url%5Baction%5D=login&url%5Bcontroller%5D=users]


Processing PublicController#list (for 127.0.0.1 at 2010-07-04 15:04:02) [GET]
  [4;36;1mMemo Load (3.6ms)[0m   [0;1mSELECT * FROM "memos" WHERE ("memos"."mode" = 'public') ORDER BY category ASC, title ASC[0m
  [4;35;1mMemo Load (0.5ms)[0m   [0mSELECT DISTINCT category FROM "memos" WHERE (category != '' AND mode = 'public' ) ORDER BY category ASC[0m
Rendering template within layouts/base
Rendering public/list
Completed in 120ms (View: 111, DB: 4) | 200 OK [http://localhost/public/list]


Processing PublicController#list (for 127.0.0.1 at 2010-07-04 15:04:47) [GET]
  [4;36;1mMemo Load (3.8ms)[0m   [0;1mSELECT * FROM "memos" WHERE ("memos"."mode" = 'public') ORDER BY category ASC, title ASC[0m
  [4;35;1mMemo Load (0.4ms)[0m   [0mSELECT DISTINCT category FROM "memos" WHERE (category != '' AND mode = 'public' ) ORDER BY category ASC[0m
Rendering template within layouts/base
Rendering public/list
Completed in 117ms (View: 107, DB: 5) | 200 OK [http://localhost/public/list]


Processing MemosController#list (for 127.0.0.1 at 2010-07-04 15:04:49) [POST]
  Parameters: {"url"=>{"action"=>"login", "controller"=>"users"}, "authenticity_token"=>"ZvdEDzzestNA1S7Z4FRn5PIBsUiDPc+fIExVMDaWFqs=", "login"=>{"login_id"=>"shu_0115", "password"=>"password"}, "request_url"=>"http://localhost:3000/public/list"}
Redirected to http://localhost:3000/public/list
Filter chain halted as [:login_check] rendered_or_redirected.
Completed in 2ms (DB: 1) | 302 Found [http://localhost/?url%5Baction%5D=login&url%5Bcontroller%5D=users]


Processing PublicController#list (for 127.0.0.1 at 2010-07-04 15:04:49) [GET]
  [4;36;1mMemo Load (3.7ms)[0m   [0;1mSELECT * FROM "memos" WHERE ("memos"."mode" = 'public') ORDER BY category ASC, title ASC[0m
  [4;35;1mMemo Load (0.4ms)[0m   [0mSELECT DISTINCT category FROM "memos" WHERE (category != '' AND mode = 'public' ) ORDER BY category ASC[0m
Rendering template within layouts/base
Rendering public/list
Completed in 119ms (View: 110, DB: 4) | 200 OK [http://localhost/public/list]


Processing PublicController#list (for 127.0.0.1 at 2010-07-04 15:06:11) [GET]
  [4;36;1mMemo Load (3.7ms)[0m   [0;1mSELECT * FROM "memos" WHERE ("memos"."mode" = 'public') ORDER BY category ASC, title ASC[0m
  [4;35;1mMemo Load (0.4ms)[0m   [0mSELECT DISTINCT category FROM "memos" WHERE (category != '' AND mode = 'public' ) ORDER BY category ASC[0m
Rendering template within layouts/base
Rendering public/list
Completed in 123ms (View: 113, DB: 4) | 200 OK [http://localhost/public/list]


Processing UsersController#login (for 127.0.0.1 at 2010-07-04 15:06:32) [POST]
  Parameters: {"authenticity_token"=>"ZvdEDzzestNA1S7Z4FRn5PIBsUiDPc+fIExVMDaWFqs=", "login"=>{"login_id"=>"shu_0115", "password"=>"password"}, "request_url"=>"http://localhost:3000/public/list"}
  [4;36;1mUser Load (0.3ms)[0m   [0;1mSELECT * FROM "users" WHERE ("users"."login_id" IS NULL) LIMIT 1[0m

NoMethodError (You have a nil object when you didn't expect it!
You might have expected an instance of Array.
The error occurred while evaluating nil.+):
  app/models/user.rb:57:in `encrypted_password'
  app/models/user.rb:71:in `authenticate'
  app/controllers/users_controller.rb:58:in `login'


Rendered rescues/_trace (88.2ms)
Rendered rescues/_request_and_response (2.4ms)
Rendering rescues/layout (internal_server_error)


Processing PublicController#list (for 127.0.0.1 at 2010-07-04 15:10:12) [GET]
  [4;35;1mMemo Load (3.6ms)[0m   [0mSELECT * FROM "memos" WHERE ("memos"."mode" = 'public') ORDER BY category ASC, title ASC[0m
  [4;36;1mMemo Load (0.4ms)[0m   [0;1mSELECT DISTINCT category FROM "memos" WHERE (category != '' AND mode = 'public' ) ORDER BY category ASC[0m
Rendering template within layouts/base
Rendering public/list
Completed in 123ms (View: 114, DB: 4) | 200 OK [http://localhost/public/list]


Processing PublicController#list (for 127.0.0.1 at 2010-07-04 15:10:15) [GET]
  [4;35;1mMemo Load (4.0ms)[0m   [0mSELECT * FROM "memos" WHERE ("memos"."mode" = 'public') ORDER BY category ASC, title ASC[0m
  [4;36;1mMemo Load (0.4ms)[0m   [0;1mSELECT DISTINCT category FROM "memos" WHERE (category != '' AND mode = 'public' ) ORDER BY category ASC[0m
Rendering template within layouts/base
Rendering public/list
Completed in 116ms (View: 106, DB: 5) | 200 OK [http://localhost/public/list]


Processing UsersController#login (for 127.0.0.1 at 2010-07-04 15:10:17) [POST]
  Parameters: {"authenticity_token"=>"ZvdEDzzestNA1S7Z4FRn5PIBsUiDPc+fIExVMDaWFqs=", "login"=>{"login_id"=>"shu_0115", "password"=>"password"}, "request_url"=>"http://localhost:3000/public/list"}
  [4;35;1mUser Load (0.4ms)[0m   [0mSELECT * FROM "users" WHERE ("users"."login_id" = 'shu_0115') LIMIT 1[0m
Redirected to http://localhost:3000/public/list
Completed in 12ms (DB: 1) | 302 Found [http://localhost/users/login]


Processing PublicController#list (for 127.0.0.1 at 2010-07-04 15:10:18) [GET]
  [4;36;1mMemo Load (4.8ms)[0m   [0;1mSELECT * FROM "memos" WHERE ("memos"."mode" = 'public') ORDER BY category ASC, title ASC[0m
  [4;35;1mMemo Load (0.5ms)[0m   [0mSELECT DISTINCT category FROM "memos" WHERE (category != '' AND mode = 'public' ) ORDER BY category ASC[0m
Rendering template within layouts/base
Rendering public/list
Completed in 119ms (View: 108, DB: 6) | 200 OK [http://localhost/public/list]


Processing MemosController#list (for 127.0.0.1 at 2010-07-04 15:11:41) [GET]
  Parameters: {"option"=>"reset", "id"=>"all"}
  [4;36;1mMemo Load (16.4ms)[0m   [0;1mSELECT * FROM "memos" ORDER BY category ASC, mode ASC, title ASC[0m
  [4;35;1mMemo Load (1.6ms)[0m   [0mSELECT DISTINCT category FROM "memos" WHERE (category != '') ORDER BY category ASC[0m
Rendering template within layouts/base
Rendering memos/list
Completed in 990ms (View: 957, DB: 19) | 200 OK [http://localhost/memos/list/all/reset]


Processing UsersController#logout (for 127.0.0.1 at 2010-07-04 15:11:46) [PUT]
  Parameters: {"authenticity_token"=>"ZvdEDzzestNA1S7Z4FRn5PIBsUiDPc+fIExVMDaWFqs=", "request_url"=>"http://localhost:3000/memos/list/all/reset"}
Redirected to http://localhost:3000/memos/list/all/reset
Completed in 4ms (DB: 1) | 302 Found [http://localhost/users/logout]


Processing MemosController#list (for 127.0.0.1 at 2010-07-04 15:11:46) [GET]
  Parameters: {"option"=>"reset", "id"=>"all"}
Redirected to http://localhost:3000/public/list
Filter chain halted as [:login_check] rendered_or_redirected.
Completed in 1ms (DB: 1) | 302 Found [http://localhost/memos/list/all/reset]


Processing PublicController#list (for 127.0.0.1 at 2010-07-04 15:11:46) [GET]
  [4;36;1mMemo Load (4.5ms)[0m   [0;1mSELECT * FROM "memos" WHERE ("memos"."mode" = 'public') ORDER BY category ASC, title ASC[0m
  [4;35;1mMemo Load (0.5ms)[0m   [0mSELECT DISTINCT category FROM "memos" WHERE (category != '' AND mode = 'public' ) ORDER BY category ASC[0m
Rendering template within layouts/base
Rendering public/list
Completed in 77ms (View: 67, DB: 5) | 200 OK [http://localhost/public/list]


Processing UsersController#login (for 127.0.0.1 at 2010-07-04 15:11:47) [POST]
  Parameters: {"authenticity_token"=>"ZvdEDzzestNA1S7Z4FRn5PIBsUiDPc+fIExVMDaWFqs=", "login"=>{"login_id"=>"shu_0115", "password"=>"password"}, "request_url"=>"http://localhost:3000/public/list"}
  [4;36;1mUser Load (0.3ms)[0m   [0;1mSELECT * FROM "users" WHERE ("users"."login_id" = 'shu_0115') LIMIT 1[0m
Redirected to http://localhost:3000/public/list
Completed in 11ms (DB: 1) | 302 Found [http://localhost/users/login]


Processing PublicController#list (for 127.0.0.1 at 2010-07-04 15:11:48) [GET]
  [4;35;1mMemo Load (9.6ms)[0m   [0mSELECT * FROM "memos" WHERE ("memos"."mode" = 'public') ORDER BY category ASC, title ASC[0m
  [4;36;1mMemo Load (0.5ms)[0m   [0;1mSELECT DISTINCT category FROM "memos" WHERE (category != '' AND mode = 'public' ) ORDER BY category ASC[0m
Rendering template within layouts/base
Rendering public/list
Completed in 157ms (View: 142, DB: 10) | 200 OK [http://localhost/public/list]


Processing MemosController#list (for 127.0.0.1 at 2010-07-04 15:11:53) [GET]
  Parameters: {"option"=>"reset", "id"=>"all"}
  [4;35;1mMemo Load (16.0ms)[0m   [0mSELECT * FROM "memos" ORDER BY category ASC, mode ASC, title ASC[0m
  [4;36;1mMemo Load (1.5ms)[0m   [0;1mSELECT DISTINCT category FROM "memos" WHERE (category != '') ORDER BY category ASC[0m
Rendering template within layouts/base
Rendering memos/list
Completed in 935ms (View: 904, DB: 18) | 200 OK [http://localhost/memos/list/all/reset]


Processing MemosController#list (for 127.0.0.1 at 2010-07-04 15:13:50) [GET]
  Parameters: {"option"=>"reset", "id"=>"all"}
  [4;35;1mMemo Load (16.5ms)[0m   [0mSELECT * FROM "memos" ORDER BY category ASC, mode ASC, title ASC[0m
  [4;36;1mMemo Load (1.5ms)[0m   [0;1mSELECT DISTINCT category FROM "memos" WHERE (category != '') ORDER BY category ASC[0m
Rendering template within layouts/base
Rendering memos/list
Completed in 919ms (View: 888, DB: 19) | 200 OK [http://localhost/memos/list/all/reset]


Processing UsersController#logout (for 127.0.0.1 at 2010-07-04 15:14:16) [PUT]
  Parameters: {"authenticity_token"=>"ZvdEDzzestNA1S7Z4FRn5PIBsUiDPc+fIExVMDaWFqs=", "request_url"=>"http://localhost:3000/memos/list/all/reset"}
Redirected to http://localhost:3000/memos/list/all/reset
Completed in 4ms (DB: 1) | 302 Found [http://localhost/users/logout]


Processing MemosController#list (for 127.0.0.1 at 2010-07-04 15:14:16) [GET]
  Parameters: {"option"=>"reset", "id"=>"all"}
Redirected to http://localhost:3000/public/list
Filter chain halted as [:login_check] rendered_or_redirected.
Completed in 2ms (DB: 1) | 302 Found [http://localhost/memos/list/all/reset]


Processing PublicController#list (for 127.0.0.1 at 2010-07-04 15:14:16) [GET]
  [4;35;1mMemo Load (3.6ms)[0m   [0mSELECT * FROM "memos" WHERE ("memos"."mode" = 'public') ORDER BY category ASC, title ASC[0m
  [4;36;1mMemo Load (0.4ms)[0m   [0;1mSELECT DISTINCT category FROM "memos" WHERE (category != '' AND mode = 'public' ) ORDER BY category ASC[0m
Rendering template within layouts/base
Rendering public/list
Completed in 72ms (View: 63, DB: 4) | 200 OK [http://localhost/public/list]


Processing UsersController#login (for 127.0.0.1 at 2010-07-04 15:14:18) [POST]
  Parameters: {"authenticity_token"=>"ZvdEDzzestNA1S7Z4FRn5PIBsUiDPc+fIExVMDaWFqs=", "login"=>{"login_id"=>"shu_0115", "password"=>"password"}, "request_url"=>"http://localhost:3000/public/list"}
  [4;35;1mUser Load (0.3ms)[0m   [0mSELECT * FROM "users" WHERE ("users"."login_id" = 'shu_0115') LIMIT 1[0m
Redirected to http://localhost:3000/
Completed in 11ms (DB: 1) | 302 Found [http://localhost/users/login]


Processing MemosController#list (for 127.0.0.1 at 2010-07-04 15:14:18) [GET]
  [4;36;1mMemo Load (19.5ms)[0m   [0;1mSELECT * FROM "memos" ORDER BY category ASC, mode ASC, title ASC[0m
  [4;35;1mMemo Load (1.6ms)[0m   [0mSELECT DISTINCT category FROM "memos" WHERE (category != '') ORDER BY category ASC[0m
Rendering template within layouts/base
Rendering memos/list
Completed in 878ms (View: 844, DB: 22) | 200 OK [http://localhost/]


Processing MemosController#list (for 127.0.0.1 at 2010-07-04 15:24:15) [GET]
  Parameters: {"id"=>"Rails_Tips"}
  [4;36;1mMemo Load (4.7ms)[0m   [0;1mSELECT * FROM "memos" WHERE ("memos"."category" = 'Rails_Tips') ORDER BY category ASC, mode ASC, title ASC[0m
  [4;35;1mMemo Load (1.5ms)[0m   [0mSELECT DISTINCT category FROM "memos" WHERE (category != '') ORDER BY category ASC[0m
Rendering template within layouts/base
Rendering memos/list
Completed in 454ms (View: 384, DB: 6) | 200 OK [http://localhost/memos/list/Rails_Tips]


Processing MemosController#list (for 127.0.0.1 at 2010-07-04 15:24:35) [GET]
  Parameters: {"id"=>"01_Aries"}
  [4;36;1mMemo Load (1.6ms)[0m   [0;1mSELECT * FROM "memos" WHERE ("memos"."category" = '01_Aries') ORDER BY category ASC, mode ASC, title ASC[0m
  [4;35;1mMemo Load (1.5ms)[0m   [0mSELECT DISTINCT category FROM "memos" WHERE (category != '') ORDER BY category ASC[0m
Rendering template within layouts/base
Rendering memos/list
Completed in 42ms (View: 32, DB: 4) | 200 OK [http://localhost/memos/list/01_Aries]


Processing MemosController#show (for 127.0.0.1 at 2010-07-04 15:24:40) [GET]
  Parameters: {"option"=>"01_Aries", "id"=>"19"}
  [4;36;1mMemo Load (0.3ms)[0m   [0;1mSELECT * FROM "memos" WHERE ("memos"."id" = 19) [0m
Rendering template within layouts/base
Rendering memos/show
Completed in 17ms (View: 11, DB: 1) | 200 OK [http://localhost/memos/show/19/01_Aries]


Processing MemosController#list (for 127.0.0.1 at 2010-07-04 15:24:45) [GET]
  Parameters: {"id"=>"01_Aries"}
  [4;35;1mMemo Load (1.6ms)[0m   [0mSELECT * FROM "memos" WHERE ("memos"."category" = '01_Aries') ORDER BY category ASC, mode ASC, title ASC[0m
  [4;36;1mMemo Load (1.4ms)[0m   [0;1mSELECT DISTINCT category FROM "memos" WHERE (category != '') ORDER BY category ASC[0m
Rendering template within layouts/base
Rendering memos/list
Completed in 91ms (View: 32, DB: 4) | 200 OK [http://localhost/memos/list/01_Aries]


Processing MemosController#list (for 127.0.0.1 at 2010-07-04 15:27:19) [GET]
  Parameters: {"option"=>"reset", "id"=>"all"}
  [4;36;1mMemo Load (17.5ms)[0m   [0;1mSELECT * FROM "memos" ORDER BY category ASC, mode ASC, title ASC[0m
  [4;35;1mMemo Load (2.5ms)[0m   [0mSELECT DISTINCT category FROM "memos" WHERE (category != '') ORDER BY category ASC[0m
Rendering template within layouts/base
Rendering memos/list
Completed in 1207ms (View: 1112, DB: 20) | 200 OK [http://localhost/memos/list/all/reset]


Processing UsersController#logout (for 127.0.0.1 at 2010-07-04 15:27:23) [PUT]
  Parameters: {"authenticity_token"=>"ZvdEDzzestNA1S7Z4FRn5PIBsUiDPc+fIExVMDaWFqs=", "request_url"=>"http://localhost:3000/memos/list/all/reset"}
Redirected to http://localhost:3000/memos/list/all/reset
Completed in 9ms (DB: 1) | 302 Found [http://localhost/users/logout]


Processing MemosController#list (for 127.0.0.1 at 2010-07-04 15:27:23) [GET]
  Parameters: {"option"=>"reset", "id"=>"all"}
Redirected to http://localhost:3000/public/list
Filter chain halted as [:login_check] rendered_or_redirected.
Completed in 2ms (DB: 1) | 302 Found [http://localhost/memos/list/all/reset]


Processing PublicController#list (for 127.0.0.1 at 2010-07-04 15:27:23) [GET]
  [4;36;1mMemo Load (3.7ms)[0m   [0;1mSELECT * FROM "memos" WHERE ("memos"."mode" = 'public') ORDER BY category ASC, title ASC[0m
  [4;35;1mMemo Load (0.4ms)[0m   [0mSELECT DISTINCT category FROM "memos" WHERE (category != '' AND mode = 'public' ) ORDER BY category ASC[0m
Rendering template within layouts/base
Rendering public/list
Completed in 83ms (View: 74, DB: 4) | 200 OK [http://localhost/public/list]


Processing PublicController#list (for 127.0.0.1 at 2010-07-04 15:30:59) [GET]
  [4;36;1mMemo Load (48.4ms)[0m   [0;1mSELECT * FROM "memos" WHERE ("memos"."mode" = 'public') ORDER BY category ASC, title ASC[0m
  [4;35;1mMemo Load (0.6ms)[0m   [0mSELECT DISTINCT category FROM "memos" WHERE (category != '' AND mode = 'public' ) ORDER BY category ASC[0m
Rendering template within layouts/base
Rendering public/list
Completed in 212ms (View: 149, DB: 49) | 200 OK [http://localhost/public/list]


Processing UsersController#login (for 127.0.0.1 at 2010-07-04 15:31:03) [POST]
  Parameters: {"authenticity_token"=>"HITob4lkpe3kNSmxRRpkPvcj4wJYBASnELDjhfEHjEo=", "login"=>{"login_id"=>"shu_0115", "password"=>"password"}, "request_url"=>"http://localhost:3000/public/list"}
  [4;36;1mUser Load (0.2ms)[0m   [0;1mSELECT * FROM "users" WHERE ("users"."login_id" = 'shu_0115') LIMIT 1[0m
Redirected to http://localhost:3000/public/list
Completed in 12ms (DB: 1) | 302 Found [http://localhost/users/login]


Processing PublicController#list (for 127.0.0.1 at 2010-07-04 15:31:03) [GET]
  [4;35;1mMemo Load (5.3ms)[0m   [0mSELECT * FROM "memos" WHERE ("memos"."mode" = 'public') ORDER BY category ASC, title ASC[0m
  [4;36;1mMemo Load (0.6ms)[0m   [0;1mSELECT DISTINCT category FROM "memos" WHERE (category != '' AND mode = 'public' ) ORDER BY category ASC[0m
Rendering template within layouts/base
Rendering public/list
Completed in 122ms (View: 110, DB: 6) | 200 OK [http://localhost/public/list]


Processing UsersController#entry (for 127.0.0.1 at 2010-07-04 15:31:06) [GET]
Rendering template within layouts/base
Rendering users/entry
Completed in 29ms (View: 20, DB: 0) | 200 OK [http://localhost/users/entry]


Processing UsersController#confirm (for 127.0.0.1 at 2010-07-04 15:31:16) [POST]
  Parameters: {"commit"=>"ç¢ºèª", "authenticity_token"=>"HITob4lkpe3kNSmxRRpkPvcj4wJYBASnELDjhfEHjEo=", "user"=>{"login_id"=>"shu_0115", "password"=>"password"}}
Rendering template within layouts/base
Rendering users/confirm
Completed in 19ms (View: 10, DB: 1) | 200 OK [http://localhost/users/confirm]


Processing UsersController#create (for 127.0.0.1 at 2010-07-04 15:31:18) [POST]
  Parameters: {"commit"=>"ç™»éŒ²", "authenticity_token"=>"HITob4lkpe3kNSmxRRpkPvcj4wJYBASnELDjhfEHjEo=", "user"=>{"login_id"=>"shu_0115", "password"=>"password"}}
  [4;35;1mUser Load (0.1ms)[0m   [0mSELECT "users".id FROM "users" WHERE ("users"."login_id" = 'shu_0115') LIMIT 1[0m
  [4;36;1mUser Create (0.3ms)[0m   [0;1mINSERT INTO "users" ("name", "salt", "created_at", "updated_at", "website_url", "hashed_password", "twitter_id", "birthday", "blog_url", "login_id", "password", "email") VALUES(NULL, '21585261600.254050757701429', '2010-07-04 06:31:18', '2010-07-04 06:31:18', NULL, 'f07388e203dfb0fa59e3a3dfa21d43142ca49e48', NULL, NULL, NULL, 'shu_0115', NULL, NULL)[0m
Redirected to http://localhost:3000/
Completed in 13ms (DB: 1) | 302 Found [http://localhost/users/create]


Processing MemosController#list (for 127.0.0.1 at 2010-07-04 15:31:18) [GET]
Redirected to http://localhost:3000/public/list
Filter chain halted as [:login_check] rendered_or_redirected.
Completed in 2ms (DB: 1) | 302 Found [http://localhost/]


Processing PublicController#list (for 127.0.0.1 at 2010-07-04 15:31:18) [GET]
  [4;35;1mMemo Load (3.7ms)[0m   [0mSELECT * FROM "memos" WHERE ("memos"."mode" = 'public') ORDER BY category ASC, title ASC[0m
  [4;36;1mMemo Load (0.4ms)[0m   [0;1mSELECT DISTINCT category FROM "memos" WHERE (category != '' AND mode = 'public' ) ORDER BY category ASC[0m
Rendering template within layouts/base
Rendering public/list
Completed in 117ms (View: 108, DB: 4) | 200 OK [http://localhost/public/list]


Processing UsersController#login (for 127.0.0.1 at 2010-07-04 15:31:21) [POST]
  Parameters: {"authenticity_token"=>"HITob4lkpe3kNSmxRRpkPvcj4wJYBASnELDjhfEHjEo=", "login"=>{"login_id"=>"shu_0115", "password"=>"password"}, "request_url"=>"http://localhost:3000/public/list"}
  [4;35;1mUser Load (0.3ms)[0m   [0mSELECT * FROM "users" WHERE ("users"."login_id" = 'shu_0115') LIMIT 1[0m
Redirected to http://localhost:3000/
Completed in 11ms (DB: 1) | 302 Found [http://localhost/users/login]


Processing MemosController#list (for 127.0.0.1 at 2010-07-04 15:31:21) [GET]
  [4;36;1mMemo Load (18.2ms)[0m   [0;1mSELECT * FROM "memos" ORDER BY category ASC, mode ASC, title ASC[0m
  [4;35;1mMemo Load (1.7ms)[0m   [0mSELECT DISTINCT category FROM "memos" WHERE (category != '') ORDER BY category ASC[0m
Rendering template within layouts/base
Rendering memos/list
Completed in 1025ms (View: 988, DB: 21) | 200 OK [http://localhost/]


Processing UsersController#logout (for 127.0.0.1 at 2010-07-04 15:36:38) [PUT]
  Parameters: {"authenticity_token"=>"HITob4lkpe3kNSmxRRpkPvcj4wJYBASnELDjhfEHjEo=", "request_url"=>"http://localhost:3000/"}
Redirected to http://localhost:3000/
Completed in 9ms (DB: 3) | 302 Found [http://localhost/users/logout]


Processing MemosController#list (for 127.0.0.1 at 2010-07-04 15:36:38) [GET]
Redirected to http://localhost:3000/public/list
Filter chain halted as [:login_check] rendered_or_redirected.
Completed in 2ms (DB: 1) | 302 Found [http://localhost/]


Processing PublicController#list (for 127.0.0.1 at 2010-07-04 15:36:38) [GET]
  [4;36;1mMemo Load (5.5ms)[0m   [0;1mSELECT * FROM "memos" WHERE ("memos"."mode" = 'public') ORDER BY category ASC, title ASC[0m
  [4;35;1mMemo Load (0.4ms)[0m   [0mSELECT DISTINCT category FROM "memos" WHERE (category != '' AND mode = 'public' ) ORDER BY category ASC[0m
Rendering template within layouts/base
Rendering public/list
Completed in 99ms (View: 82, DB: 8) | 200 OK [http://localhost/public/list]


Processing UsersController#login (for 127.0.0.1 at 2010-07-04 15:36:40) [POST]
  Parameters: {"authenticity_token"=>"HITob4lkpe3kNSmxRRpkPvcj4wJYBASnELDjhfEHjEo=", "login"=>{"login_id"=>"shu_0115", "password"=>"password"}, "request_url"=>"http://localhost:3000/public/list"}
  [4;36;1mUser Load (0.3ms)[0m   [0;1mSELECT * FROM "users" WHERE ("users"."login_id" = 'shu_0115') LIMIT 1[0m
Redirected to http://localhost:3000/
Completed in 12ms (DB: 1) | 302 Found [http://localhost/users/login]


Processing MemosController#list (for 127.0.0.1 at 2010-07-04 15:36:40) [GET]
  [4;35;1mMemo Load (180.7ms)[0m   [0mSELECT * FROM "memos" ORDER BY category ASC, mode ASC, title ASC[0m
  [4;36;1mMemo Load (1.7ms)[0m   [0;1mSELECT DISTINCT category FROM "memos" WHERE (category != '') ORDER BY category ASC[0m
Rendering template within layouts/base
Rendering memos/list
Completed in 1096ms (View: 899, DB: 183) | 200 OK [http://localhost/]


Processing MemosController#list (for 127.0.0.1 at 2010-07-04 15:38:20) [GET]
  [4;36;1mMemo Load (18.7ms)[0m   [0;1mSELECT * FROM "memos" ORDER BY category ASC, mode ASC, title ASC[0m
  [4;35;1mMemo Load (1.8ms)[0m   [0mSELECT DISTINCT category FROM "memos" WHERE (category != '') ORDER BY category ASC[0m
Rendering template within layouts/base
Rendering memos/list
Completed in 1096ms (View: 1008, DB: 21) | 200 OK [http://localhost/]


Processing MemosController#list (for 127.0.0.1 at 2010-07-04 15:38:27) [GET]
  Parameters: {"id"=>"01_Aries"}
  [4;36;1mMemo Load (2.5ms)[0m   [0;1mSELECT * FROM "memos" WHERE ("memos"."category" = '01_Aries') ORDER BY category ASC, mode ASC, title ASC[0m
  [4;35;1mMemo Load (1.6ms)[0m   [0mSELECT DISTINCT category FROM "memos" WHERE (category != '') ORDER BY category ASC[0m
Rendering template within layouts/base
Rendering memos/list
Completed in 57ms (View: 41, DB: 7) | 200 OK [http://localhost/memos/list/01_Aries]


Processing MemosController#show (for 127.0.0.1 at 2010-07-04 15:38:30) [GET]
  Parameters: {"option"=>"01_Aries", "id"=>"139"}
  [4;36;1mMemo Load (0.2ms)[0m   [0;1mSELECT * FROM "memos" WHERE ("memos"."id" = 139) [0m
Rendering template within layouts/base
Rendering memos/show
Completed in 16ms (View: 10, DB: 1) | 200 OK [http://localhost/memos/show/139/01_Aries]


Processing MemosController#list (for 127.0.0.1 at 2010-07-04 15:44:15) [GET]
  Parameters: {"option"=>"reset", "id"=>"all"}
  [4;35;1mMemo Load (36.3ms)[0m   [0mSELECT * FROM "memos" ORDER BY category ASC, mode ASC, title ASC[0m
  [4;36;1mMemo Load (1.7ms)[0m   [0;1mSELECT DISTINCT category FROM "memos" WHERE (category != '') ORDER BY category ASC[0m
Rendering template within layouts/base
Rendering memos/list
Completed in 1035ms (View: 979, DB: 39) | 200 OK [http://localhost/memos/list/all/reset]


Processing MemosController#list (for 127.0.0.1 at 2010-07-04 15:48:45) [GET]
  Parameters: {"option"=>"reset", "id"=>"all"}
  [4;35;1mMemo Load (104.1ms)[0m   [0mSELECT * FROM "memos" ORDER BY category ASC, mode ASC, title ASC[0m
  [4;36;1mMemo Load (1.7ms)[0m   [0;1mSELECT DISTINCT category FROM "memos" WHERE (category != '') ORDER BY category ASC[0m
Rendering template within layouts/base
Rendering memos/list
Completed in 1006ms (View: 886, DB: 106) | 200 OK [http://localhost/memos/list/all/reset]


Processing PublicController#list (for 127.0.0.1 at 2010-07-04 15:53:51) [GET]
  [4;35;1mSession Load (7.4ms)[0m   [0mSELECT * FROM "sessions" [0m
  [4;36;1mMemo Load (4.0ms)[0m   [0;1mSELECT * FROM "memos" WHERE ("memos"."mode" = 'public') ORDER BY category ASC, title ASC[0m
  [4;35;1mMemo Load (0.4ms)[0m   [0mSELECT DISTINCT category FROM "memos" WHERE (category != '' AND mode = 'public' ) ORDER BY category ASC[0m
Rendering template within layouts/base
Rendering public/list
Completed in 152ms (View: 75, DB: 12) | 200 OK [http://localhost/public/list]


Processing MemosController#list (for 127.0.0.1 at 2010-07-04 15:54:52) [GET]
  Parameters: {"option"=>"reset", "id"=>"all"}
  [4;36;1mMemo Load (23.5ms)[0m   [0;1mSELECT * FROM "memos" ORDER BY category ASC, mode ASC, title ASC[0m
  [4;35;1mMemo Load (1.7ms)[0m   [0mSELECT DISTINCT category FROM "memos" WHERE (category != '') ORDER BY category ASC[0m
Rendering template within layouts/base
Rendering memos/list
Completed in 1091ms (View: 1052, DB: 26) | 200 OK [http://localhost/memos/list/all/reset]


Processing PublicController#list (for 127.0.0.1 at 2010-07-04 15:55:04) [GET]
  [4;36;1mSession Load (6.0ms)[0m   [0;1mSELECT * FROM "sessions" [0m
  [4;35;1mMemo Load (3.4ms)[0m   [0mSELECT * FROM "memos" WHERE ("memos"."mode" = 'public') ORDER BY category ASC, title ASC[0m
  [4;36;1mMemo Load (0.4ms)[0m   [0;1mSELECT DISTINCT category FROM "memos" WHERE (category != '' AND mode = 'public' ) ORDER BY category ASC[0m
Rendering template within layouts/base
Rendering public/list
Completed in 81ms (View: 62, DB: 10) | 200 OK [http://localhost/public/list]


Processing PublicController#list (for 127.0.0.1 at 2010-07-04 16:08:22) [GET]

NoMethodError (undefined method `hour_ago' for Sun Jul 04 16:08:22 +0900 2010:Time):
  app/controllers/application_controller.rb:16:in `session_clear'
  app/controllers/public_controller.rb:9:in `list'


Rendered rescues/_trace (148.8ms)
Rendered rescues/_request_and_response (2.3ms)
Rendering rescues/layout (internal_server_error)


Processing PublicController#list (for 127.0.0.1 at 2010-07-04 16:12:17) [GET]

ArgumentError (Unknown key(s): old_time):
  app/controllers/application_controller.rb:18:in `session_clear'
  app/controllers/public_controller.rb:9:in `list'


Rendered rescues/_trace (40.8ms)
Rendered rescues/_request_and_response (0.3ms)
Rendering rescues/layout (internal_server_error)


Processing PublicController#list (for 127.0.0.1 at 2010-07-04 16:17:12) [GET]

ArgumentError (Unknown key(s): old_time):
  app/controllers/application_controller.rb:18:in `session_clear'
  app/controllers/public_controller.rb:9:in `list'


Rendered rescues/_trace (44.8ms)
Rendered rescues/_request_and_response (0.3ms)
Rendering rescues/layout (internal_server_error)


Processing PublicController#list (for 127.0.0.1 at 2010-07-04 16:17:17) [GET]

ArgumentError (Unknown key(s): old_time):
  app/controllers/application_controller.rb:18:in `session_clear'
  app/controllers/public_controller.rb:9:in `list'


Rendered rescues/_trace (43.7ms)
Rendered rescues/_request_and_response (0.3ms)
Rendering rescues/layout (internal_server_error)
/!\ FAILSAFE /!\  Sun Jul 04 16:18:18 +0900 2010
  Status: 500 Internal Server Error
  /Users/shu/Mine/workspace/aries/app/controllers/application_controller.rb:19: syntax error, unexpected tASSOC, expecting '}'
...at <= :old_time", :old_time => old_time } )
                              ^
    /Users/shu/.gem/ruby/1.8/gems/activesupport-2.3.4/lib/active_support/dependencies.rb:380:in `load_without_new_constant_marking'
    /Users/shu/.gem/ruby/1.8/gems/activesupport-2.3.4/lib/active_support/dependencies.rb:380:in `load_file'
    /Users/shu/.gem/ruby/1.8/gems/activesupport-2.3.4/lib/active_support/dependencies.rb:521:in `new_constants_in'
    /Users/shu/.gem/ruby/1.8/gems/activesupport-2.3.4/lib/active_support/dependencies.rb:379:in `load_file'
    /Users/shu/.gem/ruby/1.8/gems/activesupport-2.3.4/lib/active_support/dependencies.rb:259:in `require_or_load'
    /Users/shu/.gem/ruby/1.8/gems/activesupport-2.3.4/lib/active_support/dependencies.rb:425:in `load_missing_constant'
    /Users/shu/.gem/ruby/1.8/gems/activesupport-2.3.4/lib/active_support/dependencies.rb:80:in `const_missing'
    /Users/shu/.gem/ruby/1.8/gems/activesupport-2.3.4/lib/active_support/dependencies.rb:92:in `const_missing'
    /Users/shu/.gem/ruby/1.8/gems/actionpack-2.3.4/lib/action_controller/dispatcher.rb:89:in `dispatch'
    /Users/shu/.gem/ruby/1.8/gems/actionpack-2.3.4/lib/action_controller/dispatcher.rb:121:in `_call'
    /Users/shu/.gem/ruby/1.8/gems/actionpack-2.3.4/lib/action_controller/dispatcher.rb:130:in `build_middleware_stack'
    /System/Library/Frameworks/Ruby.framework/Versions/1.8/usr/lib/ruby/gems/1.8/gems/rack-1.0.1/lib/rack/head.rb:9:in `call'
    /System/Library/Frameworks/Ruby.framework/Versions/1.8/usr/lib/ruby/gems/1.8/gems/rack-1.0.1/lib/rack/head.rb:9:in `call'
    /System/Library/Frameworks/Ruby.framework/Versions/1.8/usr/lib/ruby/gems/1.8/gems/rack-1.0.1/lib/rack/methodoverride.rb:24:in `call'
    /Users/shu/.gem/ruby/1.8/gems/actionpack-2.3.4/lib/action_controller/params_parser.rb:15:in `call'
    /Users/shu/.gem/ruby/1.8/gems/actionpack-2.3.4/lib/action_controller/session/abstract_store.rb:122:in `call'
    /Users/shu/.gem/ruby/1.8/gems/activerecord-2.3.4/lib/active_record/query_cache.rb:29:in `call'
    /Users/shu/.gem/ruby/1.8/gems/activerecord-2.3.4/lib/active_record/connection_adapters/abstract/query_cache.rb:34:in `cache'
    /Users/shu/.gem/ruby/1.8/gems/activerecord-2.3.4/lib/active_record/query_cache.rb:9:in `cache'
    /Users/shu/.gem/ruby/1.8/gems/activerecord-2.3.4/lib/active_record/query_cache.rb:28:in `call'
    /Users/shu/.gem/ruby/1.8/gems/activerecord-2.3.4/lib/active_record/connection_adapters/abstract/connection_pool.rb:361:in `call'
    /Users/shu/.gem/ruby/1.8/gems/actionpack-2.3.4/lib/action_controller/failsafe.rb:26:in `call'
    /System/Library/Frameworks/Ruby.framework/Versions/1.8/usr/lib/ruby/gems/1.8/gems/rack-1.0.1/lib/rack/lock.rb:11:in `call'
    /System/Library/Frameworks/Ruby.framework/Versions/1.8/usr/lib/ruby/gems/1.8/gems/rack-1.0.1/lib/rack/lock.rb:11:in `synchronize'
    /System/Library/Frameworks/Ruby.framework/Versions/1.8/usr/lib/ruby/gems/1.8/gems/rack-1.0.1/lib/rack/lock.rb:11:in `call'
    /Users/shu/.gem/ruby/1.8/gems/actionpack-2.3.4/lib/action_controller/dispatcher.rb:114:in `call'
    /Users/shu/.gem/ruby/1.8/gems/actionpack-2.3.4/lib/action_controller/reloader.rb:34:in `run'
    /Users/shu/.gem/ruby/1.8/gems/actionpack-2.3.4/lib/action_controller/dispatcher.rb:108:in `call'
    /Users/shu/.gem/ruby/1.8/gems/rails-2.3.4/lib/rails/rack/static.rb:31:in `call'
    /System/Library/Frameworks/Ruby.framework/Versions/1.8/usr/lib/ruby/gems/1.8/gems/rack-1.0.1/lib/rack/urlmap.rb:46:in `call'
    /System/Library/Frameworks/Ruby.framework/Versions/1.8/usr/lib/ruby/gems/1.8/gems/rack-1.0.1/lib/rack/urlmap.rb:40:in `each'
    /System/Library/Frameworks/Ruby.framework/Versions/1.8/usr/lib/ruby/gems/1.8/gems/rack-1.0.1/lib/rack/urlmap.rb:40:in `call'
    /Users/shu/.gem/ruby/1.8/gems/rails-2.3.4/lib/rails/rack/log_tailer.rb:17:in `call'
    /System/Library/Frameworks/Ruby.framework/Versions/1.8/usr/lib/ruby/gems/1.8/gems/rack-1.0.1/lib/rack/content_length.rb:13:in `call'
    /System/Library/Frameworks/Ruby.framework/Versions/1.8/usr/lib/ruby/gems/1.8/gems/rack-1.0.1/lib/rack/chunked.rb:15:in `call'
    /System/Library/Frameworks/Ruby.framework/Versions/1.8/usr/lib/ruby/gems/1.8/gems/rack-1.0.1/lib/rack/handler/mongrel.rb:64:in `process'
    /System/Library/Frameworks/Ruby.framework/Versions/1.8/usr/lib/ruby/gems/1.8/gems/mongrel-1.1.5/lib/mongrel.rb:159:in `process_client'
    /System/Library/Frameworks/Ruby.framework/Versions/1.8/usr/lib/ruby/gems/1.8/gems/mongrel-1.1.5/lib/mongrel.rb:158:in `each'
    /System/Library/Frameworks/Ruby.framework/Versions/1.8/usr/lib/ruby/gems/1.8/gems/mongrel-1.1.5/lib/mongrel.rb:158:in `process_client'
    /System/Library/Frameworks/Ruby.framework/Versions/1.8/usr/lib/ruby/gems/1.8/gems/mongrel-1.1.5/lib/mongrel.rb:285:in `run'
    /System/Library/Frameworks/Ruby.framework/Versions/1.8/usr/lib/ruby/gems/1.8/gems/mongrel-1.1.5/lib/mongrel.rb:285:in `initialize'
    /System/Library/Frameworks/Ruby.framework/Versions/1.8/usr/lib/ruby/gems/1.8/gems/mongrel-1.1.5/lib/mongrel.rb:285:in `new'
    /System/Library/Frameworks/Ruby.framework/Versions/1.8/usr/lib/ruby/gems/1.8/gems/mongrel-1.1.5/lib/mongrel.rb:285:in `run'
    /System/Library/Frameworks/Ruby.framework/Versions/1.8/usr/lib/ruby/gems/1.8/gems/mongrel-1.1.5/lib/mongrel.rb:268:in `initialize'
    /System/Library/Frameworks/Ruby.framework/Versions/1.8/usr/lib/ruby/gems/1.8/gems/mongrel-1.1.5/lib/mongrel.rb:268:in `new'
    /System/Library/Frameworks/Ruby.framework/Versions/1.8/usr/lib/ruby/gems/1.8/gems/mongrel-1.1.5/lib/mongrel.rb:268:in `run'
    /System/Library/Frameworks/Ruby.framework/Versions/1.8/usr/lib/ruby/gems/1.8/gems/rack-1.0.1/lib/rack/handler/mongrel.rb:34:in `run'
    /Users/shu/.gem/ruby/1.8/gems/rails-2.3.4/lib/commands/server.rb:111
    /System/Library/Frameworks/Ruby.framework/Versions/1.8/usr/lib/ruby/1.8/rubygems/custom_require.rb:31:in `gem_original_require'
    /System/Library/Frameworks/Ruby.framework/Versions/1.8/usr/lib/ruby/1.8/rubygems/custom_require.rb:31:in `require'
    script/server:3
/!\ FAILSAFE /!\  Sun Jul 04 16:19:59 +0900 2010
  Status: 500 Internal Server Error
  /Users/shu/Mine/workspace/aries/app/controllers/application_controller.rb:19: syntax error, unexpected tASSOC, expecting '}'
..._at < :old_time", :old_time => old_time } )
                              ^
    /Users/shu/.gem/ruby/1.8/gems/activesupport-2.3.4/lib/active_support/dependencies.rb:380:in `load_without_new_constant_marking'
    /Users/shu/.gem/ruby/1.8/gems/activesupport-2.3.4/lib/active_support/dependencies.rb:380:in `load_file'
    /Users/shu/.gem/ruby/1.8/gems/activesupport-2.3.4/lib/active_support/dependencies.rb:521:in `new_constants_in'
    /Users/shu/.gem/ruby/1.8/gems/activesupport-2.3.4/lib/active_support/dependencies.rb:379:in `load_file'
    /Users/shu/.gem/ruby/1.8/gems/activesupport-2.3.4/lib/active_support/dependencies.rb:259:in `require_or_load'
    /Users/shu/.gem/ruby/1.8/gems/activesupport-2.3.4/lib/active_support/dependencies.rb:425:in `load_missing_constant'
    /Users/shu/.gem/ruby/1.8/gems/activesupport-2.3.4/lib/active_support/dependencies.rb:80:in `const_missing'
    /Users/shu/.gem/ruby/1.8/gems/activesupport-2.3.4/lib/active_support/dependencies.rb:92:in `const_missing'
    /Users/shu/.gem/ruby/1.8/gems/actionpack-2.3.4/lib/action_controller/dispatcher.rb:89:in `dispatch'
    /Users/shu/.gem/ruby/1.8/gems/actionpack-2.3.4/lib/action_controller/dispatcher.rb:121:in `_call'
    /Users/shu/.gem/ruby/1.8/gems/actionpack-2.3.4/lib/action_controller/dispatcher.rb:130:in `build_middleware_stack'
    /System/Library/Frameworks/Ruby.framework/Versions/1.8/usr/lib/ruby/gems/1.8/gems/rack-1.0.1/lib/rack/head.rb:9:in `call'
    /System/Library/Frameworks/Ruby.framework/Versions/1.8/usr/lib/ruby/gems/1.8/gems/rack-1.0.1/lib/rack/head.rb:9:in `call'
    /System/Library/Frameworks/Ruby.framework/Versions/1.8/usr/lib/ruby/gems/1.8/gems/rack-1.0.1/lib/rack/methodoverride.rb:24:in `call'
    /Users/shu/.gem/ruby/1.8/gems/actionpack-2.3.4/lib/action_controller/params_parser.rb:15:in `call'
    /Users/shu/.gem/ruby/1.8/gems/actionpack-2.3.4/lib/action_controller/session/abstract_store.rb:122:in `call'
    /Users/shu/.gem/ruby/1.8/gems/activerecord-2.3.4/lib/active_record/query_cache.rb:29:in `call'
    /Users/shu/.gem/ruby/1.8/gems/activerecord-2.3.4/lib/active_record/connection_adapters/abstract/query_cache.rb:34:in `cache'
    /Users/shu/.gem/ruby/1.8/gems/activerecord-2.3.4/lib/active_record/query_cache.rb:9:in `cache'
    /Users/shu/.gem/ruby/1.8/gems/activerecord-2.3.4/lib/active_record/query_cache.rb:28:in `call'
    /Users/shu/.gem/ruby/1.8/gems/activerecord-2.3.4/lib/active_record/connection_adapters/abstract/connection_pool.rb:361:in `call'
    /Users/shu/.gem/ruby/1.8/gems/actionpack-2.3.4/lib/action_controller/failsafe.rb:26:in `call'
    /System/Library/Frameworks/Ruby.framework/Versions/1.8/usr/lib/ruby/gems/1.8/gems/rack-1.0.1/lib/rack/lock.rb:11:in `call'
    /System/Library/Frameworks/Ruby.framework/Versions/1.8/usr/lib/ruby/gems/1.8/gems/rack-1.0.1/lib/rack/lock.rb:11:in `synchronize'
    /System/Library/Frameworks/Ruby.framework/Versions/1.8/usr/lib/ruby/gems/1.8/gems/rack-1.0.1/lib/rack/lock.rb:11:in `call'
    /Users/shu/.gem/ruby/1.8/gems/actionpack-2.3.4/lib/action_controller/dispatcher.rb:114:in `call'
    /Users/shu/.gem/ruby/1.8/gems/actionpack-2.3.4/lib/action_controller/reloader.rb:34:in `run'
    /Users/shu/.gem/ruby/1.8/gems/actionpack-2.3.4/lib/action_controller/dispatcher.rb:108:in `call'
    /Users/shu/.gem/ruby/1.8/gems/rails-2.3.4/lib/rails/rack/static.rb:31:in `call'
    /System/Library/Frameworks/Ruby.framework/Versions/1.8/usr/lib/ruby/gems/1.8/gems/rack-1.0.1/lib/rack/urlmap.rb:46:in `call'
    /System/Library/Frameworks/Ruby.framework/Versions/1.8/usr/lib/ruby/gems/1.8/gems/rack-1.0.1/lib/rack/urlmap.rb:40:in `each'
    /System/Library/Frameworks/Ruby.framework/Versions/1.8/usr/lib/ruby/gems/1.8/gems/rack-1.0.1/lib/rack/urlmap.rb:40:in `call'
    /Users/shu/.gem/ruby/1.8/gems/rails-2.3.4/lib/rails/rack/log_tailer.rb:17:in `call'
    /System/Library/Frameworks/Ruby.framework/Versions/1.8/usr/lib/ruby/gems/1.8/gems/rack-1.0.1/lib/rack/content_length.rb:13:in `call'
    /System/Library/Frameworks/Ruby.framework/Versions/1.8/usr/lib/ruby/gems/1.8/gems/rack-1.0.1/lib/rack/chunked.rb:15:in `call'
    /System/Library/Frameworks/Ruby.framework/Versions/1.8/usr/lib/ruby/gems/1.8/gems/rack-1.0.1/lib/rack/handler/mongrel.rb:64:in `process'
    /System/Library/Frameworks/Ruby.framework/Versions/1.8/usr/lib/ruby/gems/1.8/gems/mongrel-1.1.5/lib/mongrel.rb:159:in `process_client'
    /System/Library/Frameworks/Ruby.framework/Versions/1.8/usr/lib/ruby/gems/1.8/gems/mongrel-1.1.5/lib/mongrel.rb:158:in `each'
    /System/Library/Frameworks/Ruby.framework/Versions/1.8/usr/lib/ruby/gems/1.8/gems/mongrel-1.1.5/lib/mongrel.rb:158:in `process_client'
    /System/Library/Frameworks/Ruby.framework/Versions/1.8/usr/lib/ruby/gems/1.8/gems/mongrel-1.1.5/lib/mongrel.rb:285:in `run'
    /System/Library/Frameworks/Ruby.framework/Versions/1.8/usr/lib/ruby/gems/1.8/gems/mongrel-1.1.5/lib/mongrel.rb:285:in `initialize'
    /System/Library/Frameworks/Ruby.framework/Versions/1.8/usr/lib/ruby/gems/1.8/gems/mongrel-1.1.5/lib/mongrel.rb:285:in `new'
    /System/Library/Frameworks/Ruby.framework/Versions/1.8/usr/lib/ruby/gems/1.8/gems/mongrel-1.1.5/lib/mongrel.rb:285:in `run'
    /System/Library/Frameworks/Ruby.framework/Versions/1.8/usr/lib/ruby/gems/1.8/gems/mongrel-1.1.5/lib/mongrel.rb:268:in `initialize'
    /System/Library/Frameworks/Ruby.framework/Versions/1.8/usr/lib/ruby/gems/1.8/gems/mongrel-1.1.5/lib/mongrel.rb:268:in `new'
    /System/Library/Frameworks/Ruby.framework/Versions/1.8/usr/lib/ruby/gems/1.8/gems/mongrel-1.1.5/lib/mongrel.rb:268:in `run'
    /System/Library/Frameworks/Ruby.framework/Versions/1.8/usr/lib/ruby/gems/1.8/gems/rack-1.0.1/lib/rack/handler/mongrel.rb:34:in `run'
    /Users/shu/.gem/ruby/1.8/gems/rails-2.3.4/lib/commands/server.rb:111
    /System/Library/Frameworks/Ruby.framework/Versions/1.8/usr/lib/ruby/1.8/rubygems/custom_require.rb:31:in `gem_original_require'
    /System/Library/Frameworks/Ruby.framework/Versions/1.8/usr/lib/ruby/1.8/rubygems/custom_require.rb:31:in `require'
    script/server:3
/!\ FAILSAFE /!\  Sun Jul 04 16:20:32 +0900 2010
  Status: 500 Internal Server Error
  /Users/shu/Mine/workspace/aries/app/controllers/application_controller.rb:19: syntax error, unexpected tASSOC, expecting '}'
..._at < :old_time", :old_time => old_time } )
                              ^
    /Users/shu/.gem/ruby/1.8/gems/activesupport-2.3.4/lib/active_support/dependencies.rb:380:in `load_without_new_constant_marking'
    /Users/shu/.gem/ruby/1.8/gems/activesupport-2.3.4/lib/active_support/dependencies.rb:380:in `load_file'
    /Users/shu/.gem/ruby/1.8/gems/activesupport-2.3.4/lib/active_support/dependencies.rb:521:in `new_constants_in'
    /Users/shu/.gem/ruby/1.8/gems/activesupport-2.3.4/lib/active_support/dependencies.rb:379:in `load_file'
    /Users/shu/.gem/ruby/1.8/gems/activesupport-2.3.4/lib/active_support/dependencies.rb:259:in `require_or_load'
    /Users/shu/.gem/ruby/1.8/gems/activesupport-2.3.4/lib/active_support/dependencies.rb:425:in `load_missing_constant'
    /Users/shu/.gem/ruby/1.8/gems/activesupport-2.3.4/lib/active_support/dependencies.rb:80:in `const_missing'
    /Users/shu/.gem/ruby/1.8/gems/activesupport-2.3.4/lib/active_support/dependencies.rb:92:in `const_missing'
    /Users/shu/.gem/ruby/1.8/gems/actionpack-2.3.4/lib/action_controller/dispatcher.rb:89:in `dispatch'
    /Users/shu/.gem/ruby/1.8/gems/actionpack-2.3.4/lib/action_controller/dispatcher.rb:121:in `_call'
    /Users/shu/.gem/ruby/1.8/gems/actionpack-2.3.4/lib/action_controller/dispatcher.rb:130:in `build_middleware_stack'
    /System/Library/Frameworks/Ruby.framework/Versions/1.8/usr/lib/ruby/gems/1.8/gems/rack-1.0.1/lib/rack/head.rb:9:in `call'
    /System/Library/Frameworks/Ruby.framework/Versions/1.8/usr/lib/ruby/gems/1.8/gems/rack-1.0.1/lib/rack/head.rb:9:in `call'
    /System/Library/Frameworks/Ruby.framework/Versions/1.8/usr/lib/ruby/gems/1.8/gems/rack-1.0.1/lib/rack/methodoverride.rb:24:in `call'
    /Users/shu/.gem/ruby/1.8/gems/actionpack-2.3.4/lib/action_controller/params_parser.rb:15:in `call'
    /Users/shu/.gem/ruby/1.8/gems/actionpack-2.3.4/lib/action_controller/session/abstract_store.rb:122:in `call'
    /Users/shu/.gem/ruby/1.8/gems/activerecord-2.3.4/lib/active_record/query_cache.rb:29:in `call'
    /Users/shu/.gem/ruby/1.8/gems/activerecord-2.3.4/lib/active_record/connection_adapters/abstract/query_cache.rb:34:in `cache'
    /Users/shu/.gem/ruby/1.8/gems/activerecord-2.3.4/lib/active_record/query_cache.rb:9:in `cache'
    /Users/shu/.gem/ruby/1.8/gems/activerecord-2.3.4/lib/active_record/query_cache.rb:28:in `call'
    /Users/shu/.gem/ruby/1.8/gems/activerecord-2.3.4/lib/active_record/connection_adapters/abstract/connection_pool.rb:361:in `call'
    /Users/shu/.gem/ruby/1.8/gems/actionpack-2.3.4/lib/action_controller/failsafe.rb:26:in `call'
    /System/Library/Frameworks/Ruby.framework/Versions/1.8/usr/lib/ruby/gems/1.8/gems/rack-1.0.1/lib/rack/lock.rb:11:in `call'
    /System/Library/Frameworks/Ruby.framework/Versions/1.8/usr/lib/ruby/gems/1.8/gems/rack-1.0.1/lib/rack/lock.rb:11:in `synchronize'
    /System/Library/Frameworks/Ruby.framework/Versions/1.8/usr/lib/ruby/gems/1.8/gems/rack-1.0.1/lib/rack/lock.rb:11:in `call'
    /Users/shu/.gem/ruby/1.8/gems/actionpack-2.3.4/lib/action_controller/dispatcher.rb:114:in `call'
    /Users/shu/.gem/ruby/1.8/gems/actionpack-2.3.4/lib/action_controller/reloader.rb:34:in `run'
    /Users/shu/.gem/ruby/1.8/gems/actionpack-2.3.4/lib/action_controller/dispatcher.rb:108:in `call'
    /Users/shu/.gem/ruby/1.8/gems/rails-2.3.4/lib/rails/rack/static.rb:31:in `call'
    /System/Library/Frameworks/Ruby.framework/Versions/1.8/usr/lib/ruby/gems/1.8/gems/rack-1.0.1/lib/rack/urlmap.rb:46:in `call'
    /System/Library/Frameworks/Ruby.framework/Versions/1.8/usr/lib/ruby/gems/1.8/gems/rack-1.0.1/lib/rack/urlmap.rb:40:in `each'
    /System/Library/Frameworks/Ruby.framework/Versions/1.8/usr/lib/ruby/gems/1.8/gems/rack-1.0.1/lib/rack/urlmap.rb:40:in `call'
    /Users/shu/.gem/ruby/1.8/gems/rails-2.3.4/lib/rails/rack/log_tailer.rb:17:in `call'
    /System/Library/Frameworks/Ruby.framework/Versions/1.8/usr/lib/ruby/gems/1.8/gems/rack-1.0.1/lib/rack/content_length.rb:13:in `call'
    /System/Library/Frameworks/Ruby.framework/Versions/1.8/usr/lib/ruby/gems/1.8/gems/rack-1.0.1/lib/rack/chunked.rb:15:in `call'
    /System/Library/Frameworks/Ruby.framework/Versions/1.8/usr/lib/ruby/gems/1.8/gems/rack-1.0.1/lib/rack/handler/mongrel.rb:64:in `process'
    /System/Library/Frameworks/Ruby.framework/Versions/1.8/usr/lib/ruby/gems/1.8/gems/mongrel-1.1.5/lib/mongrel.rb:159:in `process_client'
    /System/Library/Frameworks/Ruby.framework/Versions/1.8/usr/lib/ruby/gems/1.8/gems/mongrel-1.1.5/lib/mongrel.rb:158:in `each'
    /System/Library/Frameworks/Ruby.framework/Versions/1.8/usr/lib/ruby/gems/1.8/gems/mongrel-1.1.5/lib/mongrel.rb:158:in `process_client'
    /System/Library/Frameworks/Ruby.framework/Versions/1.8/usr/lib/ruby/gems/1.8/gems/mongrel-1.1.5/lib/mongrel.rb:285:in `run'
    /System/Library/Frameworks/Ruby.framework/Versions/1.8/usr/lib/ruby/gems/1.8/gems/mongrel-1.1.5/lib/mongrel.rb:285:in `initialize'
    /System/Library/Frameworks/Ruby.framework/Versions/1.8/usr/lib/ruby/gems/1.8/gems/mongrel-1.1.5/lib/mongrel.rb:285:in `new'
    /System/Library/Frameworks/Ruby.framework/Versions/1.8/usr/lib/ruby/gems/1.8/gems/mongrel-1.1.5/lib/mongrel.rb:285:in `run'
    /System/Library/Frameworks/Ruby.framework/Versions/1.8/usr/lib/ruby/gems/1.8/gems/mongrel-1.1.5/lib/mongrel.rb:268:in `initialize'
    /System/Library/Frameworks/Ruby.framework/Versions/1.8/usr/lib/ruby/gems/1.8/gems/mongrel-1.1.5/lib/mongrel.rb:268:in `new'
    /System/Library/Frameworks/Ruby.framework/Versions/1.8/usr/lib/ruby/gems/1.8/gems/mongrel-1.1.5/lib/mongrel.rb:268:in `run'
    /System/Library/Frameworks/Ruby.framework/Versions/1.8/usr/lib/ruby/gems/1.8/gems/rack-1.0.1/lib/rack/handler/mongrel.rb:34:in `run'
    /Users/shu/.gem/ruby/1.8/gems/rails-2.3.4/lib/commands/server.rb:111
    /System/Library/Frameworks/Ruby.framework/Versions/1.8/usr/lib/ruby/1.8/rubygems/custom_require.rb:31:in `gem_original_require'
    /System/Library/Frameworks/Ruby.framework/Versions/1.8/usr/lib/ruby/1.8/rubygems/custom_require.rb:31:in `require'
    script/server:3
/!\ FAILSAFE /!\  Sun Jul 04 16:20:39 +0900 2010
  Status: 500 Internal Server Error
  /Users/shu/Mine/workspace/aries/app/controllers/application_controller.rb:19: syntax error, unexpected tASSOC, expecting '}'
..._at < :old_time", :old_time => old_time } )
                              ^
    /Users/shu/.gem/ruby/1.8/gems/activesupport-2.3.4/lib/active_support/dependencies.rb:380:in `load_without_new_constant_marking'
    /Users/shu/.gem/ruby/1.8/gems/activesupport-2.3.4/lib/active_support/dependencies.rb:380:in `load_file'
    /Users/shu/.gem/ruby/1.8/gems/activesupport-2.3.4/lib/active_support/dependencies.rb:521:in `new_constants_in'
    /Users/shu/.gem/ruby/1.8/gems/activesupport-2.3.4/lib/active_support/dependencies.rb:379:in `load_file'
    /Users/shu/.gem/ruby/1.8/gems/activesupport-2.3.4/lib/active_support/dependencies.rb:259:in `require_or_load'
    /Users/shu/.gem/ruby/1.8/gems/activesupport-2.3.4/lib/active_support/dependencies.rb:425:in `load_missing_constant'
    /Users/shu/.gem/ruby/1.8/gems/activesupport-2.3.4/lib/active_support/dependencies.rb:80:in `const_missing'
    /Users/shu/.gem/ruby/1.8/gems/activesupport-2.3.4/lib/active_support/dependencies.rb:92:in `const_missing'
    /Users/shu/.gem/ruby/1.8/gems/actionpack-2.3.4/lib/action_controller/dispatcher.rb:89:in `dispatch'
    /Users/shu/.gem/ruby/1.8/gems/actionpack-2.3.4/lib/action_controller/dispatcher.rb:121:in `_call'
    /Users/shu/.gem/ruby/1.8/gems/actionpack-2.3.4/lib/action_controller/dispatcher.rb:130:in `build_middleware_stack'
    /System/Library/Frameworks/Ruby.framework/Versions/1.8/usr/lib/ruby/gems/1.8/gems/rack-1.0.1/lib/rack/head.rb:9:in `call'
    /System/Library/Frameworks/Ruby.framework/Versions/1.8/usr/lib/ruby/gems/1.8/gems/rack-1.0.1/lib/rack/head.rb:9:in `call'
    /System/Library/Frameworks/Ruby.framework/Versions/1.8/usr/lib/ruby/gems/1.8/gems/rack-1.0.1/lib/rack/methodoverride.rb:24:in `call'
    /Users/shu/.gem/ruby/1.8/gems/actionpack-2.3.4/lib/action_controller/params_parser.rb:15:in `call'
    /Users/shu/.gem/ruby/1.8/gems/actionpack-2.3.4/lib/action_controller/session/abstract_store.rb:122:in `call'
    /Users/shu/.gem/ruby/1.8/gems/activerecord-2.3.4/lib/active_record/query_cache.rb:29:in `call'
    /Users/shu/.gem/ruby/1.8/gems/activerecord-2.3.4/lib/active_record/connection_adapters/abstract/query_cache.rb:34:in `cache'
    /Users/shu/.gem/ruby/1.8/gems/activerecord-2.3.4/lib/active_record/query_cache.rb:9:in `cache'
    /Users/shu/.gem/ruby/1.8/gems/activerecord-2.3.4/lib/active_record/query_cache.rb:28:in `call'
    /Users/shu/.gem/ruby/1.8/gems/activerecord-2.3.4/lib/active_record/connection_adapters/abstract/connection_pool.rb:361:in `call'
    /Users/shu/.gem/ruby/1.8/gems/actionpack-2.3.4/lib/action_controller/failsafe.rb:26:in `call'
    /System/Library/Frameworks/Ruby.framework/Versions/1.8/usr/lib/ruby/gems/1.8/gems/rack-1.0.1/lib/rack/lock.rb:11:in `call'
    /System/Library/Frameworks/Ruby.framework/Versions/1.8/usr/lib/ruby/gems/1.8/gems/rack-1.0.1/lib/rack/lock.rb:11:in `synchronize'
    /System/Library/Frameworks/Ruby.framework/Versions/1.8/usr/lib/ruby/gems/1.8/gems/rack-1.0.1/lib/rack/lock.rb:11:in `call'
    /Users/shu/.gem/ruby/1.8/gems/actionpack-2.3.4/lib/action_controller/dispatcher.rb:114:in `call'
    /Users/shu/.gem/ruby/1.8/gems/actionpack-2.3.4/lib/action_controller/reloader.rb:34:in `run'
    /Users/shu/.gem/ruby/1.8/gems/actionpack-2.3.4/lib/action_controller/dispatcher.rb:108:in `call'
    /Users/shu/.gem/ruby/1.8/gems/rails-2.3.4/lib/rails/rack/static.rb:31:in `call'
    /System/Library/Frameworks/Ruby.framework/Versions/1.8/usr/lib/ruby/gems/1.8/gems/rack-1.0.1/lib/rack/urlmap.rb:46:in `call'
    /System/Library/Frameworks/Ruby.framework/Versions/1.8/usr/lib/ruby/gems/1.8/gems/rack-1.0.1/lib/rack/urlmap.rb:40:in `each'
    /System/Library/Frameworks/Ruby.framework/Versions/1.8/usr/lib/ruby/gems/1.8/gems/rack-1.0.1/lib/rack/urlmap.rb:40:in `call'
    /Users/shu/.gem/ruby/1.8/gems/rails-2.3.4/lib/rails/rack/log_tailer.rb:17:in `call'
    /System/Library/Frameworks/Ruby.framework/Versions/1.8/usr/lib/ruby/gems/1.8/gems/rack-1.0.1/lib/rack/content_length.rb:13:in `call'
    /System/Library/Frameworks/Ruby.framework/Versions/1.8/usr/lib/ruby/gems/1.8/gems/rack-1.0.1/lib/rack/chunked.rb:15:in `call'
    /System/Library/Frameworks/Ruby.framework/Versions/1.8/usr/lib/ruby/gems/1.8/gems/rack-1.0.1/lib/rack/handler/mongrel.rb:64:in `process'
    /System/Library/Frameworks/Ruby.framework/Versions/1.8/usr/lib/ruby/gems/1.8/gems/mongrel-1.1.5/lib/mongrel.rb:159:in `process_client'
    /System/Library/Frameworks/Ruby.framework/Versions/1.8/usr/lib/ruby/gems/1.8/gems/mongrel-1.1.5/lib/mongrel.rb:158:in `each'
    /System/Library/Frameworks/Ruby.framework/Versions/1.8/usr/lib/ruby/gems/1.8/gems/mongrel-1.1.5/lib/mongrel.rb:158:in `process_client'
    /System/Library/Frameworks/Ruby.framework/Versions/1.8/usr/lib/ruby/gems/1.8/gems/mongrel-1.1.5/lib/mongrel.rb:285:in `run'
    /System/Library/Frameworks/Ruby.framework/Versions/1.8/usr/lib/ruby/gems/1.8/gems/mongrel-1.1.5/lib/mongrel.rb:285:in `initialize'
    /System/Library/Frameworks/Ruby.framework/Versions/1.8/usr/lib/ruby/gems/1.8/gems/mongrel-1.1.5/lib/mongrel.rb:285:in `new'
    /System/Library/Frameworks/Ruby.framework/Versions/1.8/usr/lib/ruby/gems/1.8/gems/mongrel-1.1.5/lib/mongrel.rb:285:in `run'
    /System/Library/Frameworks/Ruby.framework/Versions/1.8/usr/lib/ruby/gems/1.8/gems/mongrel-1.1.5/lib/mongrel.rb:268:in `initialize'
    /System/Library/Frameworks/Ruby.framework/Versions/1.8/usr/lib/ruby/gems/1.8/gems/mongrel-1.1.5/lib/mongrel.rb:268:in `new'
    /System/Library/Frameworks/Ruby.framework/Versions/1.8/usr/lib/ruby/gems/1.8/gems/mongrel-1.1.5/lib/mongrel.rb:268:in `run'
    /System/Library/Frameworks/Ruby.framework/Versions/1.8/usr/lib/ruby/gems/1.8/gems/rack-1.0.1/lib/rack/handler/mongrel.rb:34:in `run'
    /Users/shu/.gem/ruby/1.8/gems/rails-2.3.4/lib/commands/server.rb:111
    /System/Library/Frameworks/Ruby.framework/Versions/1.8/usr/lib/ruby/1.8/rubygems/custom_require.rb:31:in `gem_original_require'
    /System/Library/Frameworks/Ruby.framework/Versions/1.8/usr/lib/ruby/1.8/rubygems/custom_require.rb:31:in `require'
    script/server:3


Processing PublicController#list (for 127.0.0.1 at 2010-07-04 16:21:39) [GET]
  [4;35;1mSession Load (6.9ms)[0m   [0mSELECT * FROM "sessions" [0m
  [4;36;1mMemo Load (4.9ms)[0m   [0;1mSELECT * FROM "memos" WHERE ("memos"."mode" = 'public') ORDER BY category ASC, title ASC[0m
  [4;35;1mMemo Load (0.5ms)[0m   [0mSELECT DISTINCT category FROM "memos" WHERE (category != '' AND mode = 'public' ) ORDER BY category ASC[0m
Rendering template within layouts/base
Rendering public/list
Completed in 86ms (View: 63, DB: 13) | 200 OK [http://localhost/public/list]


Processing PublicController#list (for 127.0.0.1 at 2010-07-04 16:21:58) [GET]
  [4;36;1mSession Load (7.2ms)[0m   [0;1mSELECT * FROM "sessions" [0m
  [4;35;1mMemo Load (3.4ms)[0m   [0mSELECT * FROM "memos" WHERE ("memos"."mode" = 'public') ORDER BY category ASC, title ASC[0m
  [4;36;1mMemo Load (0.5ms)[0m   [0;1mSELECT DISTINCT category FROM "memos" WHERE (category != '' AND mode = 'public' ) ORDER BY category ASC[0m
Rendering template within layouts/base
Rendering public/list
Completed in 91ms (View: 70, DB: 12) | 200 OK [http://localhost/public/list]


Processing PublicController#list (for 127.0.0.1 at 2010-07-04 16:22:49) [GET]

ArgumentError (Unknown key(s): old_time):
  app/controllers/application_controller.rb:20:in `session_clear'
  app/controllers/public_controller.rb:9:in `list'


Rendered rescues/_trace (61.5ms)
Rendered rescues/_request_and_response (0.3ms)
Rendering rescues/layout (internal_server_error)


Processing PublicController#list (for 127.0.0.1 at 2010-07-04 16:25:26) [GET]
  [4;35;1mSession Load (6.9ms)[0m   [0mSELECT * FROM "sessions" WHERE (updated_at < '2010-07-03 16:25:26') [0m
  [4;36;1mMemo Load (4.7ms)[0m   [0;1mSELECT * FROM "memos" WHERE ("memos"."mode" = 'public') ORDER BY category ASC, title ASC[0m
  [4;35;1mMemo Load (0.4ms)[0m   [0mSELECT DISTINCT category FROM "memos" WHERE (category != '' AND mode = 'public' ) ORDER BY category ASC[0m
Rendering template within layouts/base
Rendering public/list
Completed in 173ms (View: 151, DB: 12) | 200 OK [http://localhost/public/list]


Processing PublicController#list (for 127.0.0.1 at 2010-07-04 16:30:34) [GET]
  [4;36;1mSession Load (7.1ms)[0m   [0;1mSELECT * FROM "sessions" WHERE (updated_at < '2010-07-03 16:30:34') [0m

NoMethodError (undefined method `destroy_all' for #<PublicController:0x1042e6940>):
  app/controllers/application_controller.rb:22:in `session_clear'
  app/controllers/public_controller.rb:9:in `list'


Rendered rescues/_trace (39.8ms)
Rendered rescues/_request_and_response (0.3ms)
Rendering rescues/layout (internal_server_error)


Processing PublicController#list (for 127.0.0.1 at 2010-07-04 16:31:05) [GET]
  [4;35;1mSession Load (8.1ms)[0m   [0mSELECT * FROM "sessions" WHERE (updated_at < '2010-07-03 16:31:05') [0m
  [4;36;1mCACHE (0.0ms)[0m   [0;1mSELECT * FROM "sessions" WHERE (updated_at < '2010-07-03 16:31:05') [0m
  [4;35;1mSession Destroy (0.4ms)[0m   [0mDELETE FROM "sessions" WHERE "id" = 3[0m
  [4;36;1mSession Destroy (0.2ms)[0m   [0;1mDELETE FROM "sessions" WHERE "id" = 1[0m
  [4;35;1mSession Destroy (0.6ms)[0m   [0mDELETE FROM "sessions" WHERE "id" = 4[0m
  [4;36;1mSession Destroy (0.3ms)[0m   [0;1mDELETE FROM "sessions" WHERE "id" = 5[0m
  [4;35;1mSession Destroy (0.2ms)[0m   [0mDELETE FROM "sessions" WHERE "id" = 6[0m
  [4;36;1mSession Destroy (1.3ms)[0m   [0;1mDELETE FROM "sessions" WHERE "id" = 7[0m
  [4;35;1mSession Destroy (0.3ms)[0m   [0mDELETE FROM "sessions" WHERE "id" = 8[0m
  [4;36;1mSession Destroy (0.3ms)[0m   [0;1mDELETE FROM "sessions" WHERE "id" = 9[0m
  [4;35;1mSession Destroy (0.3ms)[0m   [0mDELETE FROM "sessions" WHERE "id" = 11[0m
  [4;36;1mSession Destroy (0.3ms)[0m   [0;1mDELETE FROM "sessions" WHERE "id" = 10[0m
  [4;35;1mSession Destroy (0.3ms)[0m   [0mDELETE FROM "sessions" WHERE "id" = 12[0m
  [4;36;1mSession Destroy (0.4ms)[0m   [0;1mDELETE FROM "sessions" WHERE "id" = 13[0m
  [4;35;1mSession Destroy (0.3ms)[0m   [0mDELETE FROM "sessions" WHERE "id" = 14[0m
  [4;36;1mSession Destroy (0.3ms)[0m   [0;1mDELETE FROM "sessions" WHERE "id" = 15[0m
  [4;35;1mSession Destroy (0.3ms)[0m   [0mDELETE FROM "sessions" WHERE "id" = 16[0m
  [4;36;1mSession Destroy (0.2ms)[0m   [0;1mDELETE FROM "sessions" WHERE "id" = 17[0m
  [4;35;1mSession Destroy (0.3ms)[0m   [0mDELETE FROM "sessions" WHERE "id" = 18[0m
  [4;36;1mSession Destroy (0.4ms)[0m   [0;1mDELETE FROM "sessions" WHERE "id" = 19[0m
  [4;35;1mSession Destroy (0.3ms)[0m   [0mDELETE FROM "sessions" WHERE "id" = 20[0m
  [4;36;1mSession Destroy (0.3ms)[0m   [0;1mDELETE FROM "sessions" WHERE "id" = 21[0m
  [4;35;1mSession Destroy (0.2ms)[0m   [0mDELETE FROM "sessions" WHERE "id" = 22[0m
  [4;36;1mSession Destroy (0.4ms)[0m   [0;1mDELETE FROM "sessions" WHERE "id" = 23[0m
  [4;35;1mSession Destroy (0.2ms)[0m   [0mDELETE FROM "sessions" WHERE "id" = 25[0m
  [4;36;1mSession Destroy (0.2ms)[0m   [0;1mDELETE FROM "sessions" WHERE "id" = 24[0m
  [4;35;1mSession Destroy (0.3ms)[0m   [0mDELETE FROM "sessions" WHERE "id" = 26[0m
  [4;36;1mSession Destroy (0.2ms)[0m   [0;1mDELETE FROM "sessions" WHERE "id" = 27[0m
  [4;35;1mSession Destroy (0.3ms)[0m   [0mDELETE FROM "sessions" WHERE "id" = 28[0m
  [4;36;1mSession Destroy (0.4ms)[0m   [0;1mDELETE FROM "sessions" WHERE "id" = 29[0m
  [4;35;1mSession Destroy (0.2ms)[0m   [0mDELETE FROM "sessions" WHERE "id" = 30[0m
  [4;36;1mSession Destroy (0.3ms)[0m   [0;1mDELETE FROM "sessions" WHERE "id" = 31[0m
  [4;35;1mSession Destroy (0.2ms)[0m   [0mDELETE FROM "sessions" WHERE "id" = 32[0m
  [4;36;1mSession Destroy (0.2ms)[0m   [0;1mDELETE FROM "sessions" WHERE "id" = 33[0m
  [4;35;1mSession Destroy (0.4ms)[0m   [0mDELETE FROM "sessions" WHERE "id" = 34[0m
  [4;36;1mSession Destroy (0.3ms)[0m   [0;1mDELETE FROM "sessions" WHERE "id" = 35[0m
  [4;35;1mSession Destroy (0.3ms)[0m   [0mDELETE FROM "sessions" WHERE "id" = 37[0m
  [4;36;1mSession Destroy (0.2ms)[0m   [0;1mDELETE FROM "sessions" WHERE "id" = 36[0m
  [4;35;1mSession Destroy (0.4ms)[0m   [0mDELETE FROM "sessions" WHERE "id" = 38[0m
  [4;36;1mSession Destroy (0.2ms)[0m   [0;1mDELETE FROM "sessions" WHERE "id" = 39[0m
  [4;35;1mSession Destroy (0.3ms)[0m   [0mDELETE FROM "sessions" WHERE "id" = 40[0m
  [4;36;1mSession Destroy (0.5ms)[0m   [0;1mDELETE FROM "sessions" WHERE "id" = 41[0m
  [4;35;1mSession Destroy (0.3ms)[0m   [0mDELETE FROM "sessions" WHERE "id" = 42[0m
  [4;36;1mSession Destroy (0.3ms)[0m   [0;1mDELETE FROM "sessions" WHERE "id" = 44[0m
  [4;35;1mSession Destroy (0.2ms)[0m   [0mDELETE FROM "sessions" WHERE "id" = 43[0m
  [4;36;1mSession Destroy (0.8ms)[0m   [0;1mDELETE FROM "sessions" WHERE "id" = 45[0m
  [4;35;1mSession Destroy (0.2ms)[0m   [0mDELETE FROM "sessions" WHERE "id" = 46[0m
  [4;36;1mSession Destroy (0.3ms)[0m   [0;1mDELETE FROM "sessions" WHERE "id" = 47[0m
  [4;35;1mSession Destroy (0.2ms)[0m   [0mDELETE FROM "sessions" WHERE "id" = 48[0m
  [4;36;1mSession Destroy (0.3ms)[0m   [0;1mDELETE FROM "sessions" WHERE "id" = 49[0m
  [4;35;1mSession Destroy (0.2ms)[0m   [0mDELETE FROM "sessions" WHERE "id" = 50[0m
  [4;36;1mSession Destroy (0.2ms)[0m   [0;1mDELETE FROM "sessions" WHERE "id" = 51[0m
  [4;35;1mSession Destroy (0.3ms)[0m   [0mDELETE FROM "sessions" WHERE "id" = 52[0m
  [4;36;1mSession Destroy (0.2ms)[0m   [0;1mDELETE FROM "sessions" WHERE "id" = 53[0m
  [4;35;1mSession Destroy (0.5ms)[0m   [0mDELETE FROM "sessions" WHERE "id" = 55[0m
  [4;36;1mSession Destroy (0.4ms)[0m   [0;1mDELETE FROM "sessions" WHERE "id" = 54[0m
  [4;35;1mSession Destroy (0.3ms)[0m   [0mDELETE FROM "sessions" WHERE "id" = 56[0m
  [4;36;1mSession Destroy (0.3ms)[0m   [0;1mDELETE FROM "sessions" WHERE "id" = 57[0m
  [4;35;1mSession Destroy (0.3ms)[0m   [0mDELETE FROM "sessions" WHERE "id" = 59[0m
  [4;36;1mSession Destroy (0.3ms)[0m   [0;1mDELETE FROM "sessions" WHERE "id" = 58[0m
  [4;35;1mSession Destroy (0.3ms)[0m   [0mDELETE FROM "sessions" WHERE "id" = 60[0m
  [4;36;1mSession Destroy (0.2ms)[0m   [0;1mDELETE FROM "sessions" WHERE "id" = 61[0m
  [4;35;1mSession Destroy (0.3ms)[0m   [0mDELETE FROM "sessions" WHERE "id" = 62[0m
  [4;36;1mSession Destroy (0.3ms)[0m   [0;1mDELETE FROM "sessions" WHERE "id" = 63[0m
  [4;35;1mSession Destroy (0.4ms)[0m   [0mDELETE FROM "sessions" WHERE "id" = 64[0m
  [4;36;1mSession Destroy (0.3ms)[0m   [0;1mDELETE FROM "sessions" WHERE "id" = 65[0m
  [4;35;1mSession Destroy (0.2ms)[0m   [0mDELETE FROM "sessions" WHERE "id" = 66[0m
  [4;36;1mSession Destroy (0.2ms)[0m   [0;1mDELETE FROM "sessions" WHERE "id" = 67[0m
  [4;35;1mSession Destroy (0.3ms)[0m   [0mDELETE FROM "sessions" WHERE "id" = 68[0m
  [4;36;1mSession Destroy (0.3ms)[0m   [0;1mDELETE FROM "sessions" WHERE "id" = 69[0m
  [4;35;1mSession Destroy (0.3ms)[0m   [0mDELETE FROM "sessions" WHERE "id" = 70[0m
  [4;36;1mSession Destroy (0.2ms)[0m   [0;1mDELETE FROM "sessions" WHERE "id" = 71[0m
  [4;35;1mSession Destroy (0.2ms)[0m   [0mDELETE FROM "sessions" WHERE "id" = 73[0m
  [4;36;1mSession Destroy (0.2ms)[0m   [0;1mDELETE FROM "sessions" WHERE "id" = 74[0m
  [4;35;1mSession Destroy (0.3ms)[0m   [0mDELETE FROM "sessions" WHERE "id" = 75[0m
  [4;36;1mSession Destroy (0.2ms)[0m   [0;1mDELETE FROM "sessions" WHERE "id" = 76[0m
  [4;35;1mSession Destroy (0.3ms)[0m   [0mDELETE FROM "sessions" WHERE "id" = 77[0m
  [4;36;1mSession Destroy (0.3ms)[0m   [0;1mDELETE FROM "sessions" WHERE "id" = 72[0m
  [4;35;1mSession Destroy (0.3ms)[0m   [0mDELETE FROM "sessions" WHERE "id" = 79[0m
  [4;36;1mSession Destroy (0.3ms)[0m   [0;1mDELETE FROM "sessions" WHERE "id" = 78[0m
  [4;35;1mSession Destroy (0.3ms)[0m   [0mDELETE FROM "sessions" WHERE "id" = 80[0m
  [4;36;1mSession Destroy (0.2ms)[0m   [0;1mDELETE FROM "sessions" WHERE "id" = 81[0m
  [4;35;1mSession Destroy (0.3ms)[0m   [0mDELETE FROM "sessions" WHERE "id" = 82[0m
  [4;36;1mSession Destroy (0.2ms)[0m   [0;1mDELETE FROM "sessions" WHERE "id" = 83[0m
  [4;35;1mSession Destroy (0.3ms)[0m   [0mDELETE FROM "sessions" WHERE "id" = 84[0m
  [4;36;1mSession Destroy (0.2ms)[0m   [0;1mDELETE FROM "sessions" WHERE "id" = 85[0m
  [4;35;1mSession Destroy (0.3ms)[0m   [0mDELETE FROM "sessions" WHERE "id" = 87[0m
  [4;36;1mSession Destroy (0.2ms)[0m   [0;1mDELETE FROM "sessions" WHERE "id" = 86[0m
  [4;35;1mSession Destroy (0.3ms)[0m   [0mDELETE FROM "sessions" WHERE "id" = 88[0m
  [4;36;1mSession Destroy (0.2ms)[0m   [0;1mDELETE FROM "sessions" WHERE "id" = 90[0m
  [4;35;1mSession Destroy (0.3ms)[0m   [0mDELETE FROM "sessions" WHERE "id" = 89[0m
  [4;36;1mSession Destroy (0.2ms)[0m   [0;1mDELETE FROM "sessions" WHERE "id" = 91[0m
  [4;35;1mSession Destroy (0.3ms)[0m   [0mDELETE FROM "sessions" WHERE "id" = 92[0m
  [4;36;1mSession Destroy (1.1ms)[0m   [0;1mDELETE FROM "sessions" WHERE "id" = 2[0m
  [4;35;1mSession Destroy (0.4ms)[0m   [0mDELETE FROM "sessions" WHERE "id" = 93[0m
  [4;36;1mSession Destroy (0.2ms)[0m   [0;1mDELETE FROM "sessions" WHERE "id" = 94[0m
  [4;35;1mSession Destroy (0.3ms)[0m   [0mDELETE FROM "sessions" WHERE "id" = 95[0m
  [4;36;1mSession Destroy (0.2ms)[0m   [0;1mDELETE FROM "sessions" WHERE "id" = 96[0m
  [4;35;1mMemo Load (4.1ms)[0m   [0mSELECT * FROM "memos" WHERE ("memos"."mode" = 'public') ORDER BY category ASC, title ASC[0m
  [4;36;1mMemo Load (0.4ms)[0m   [0;1mSELECT DISTINCT category FROM "memos" WHERE (category != '' AND mode = 'public' ) ORDER BY category ASC[0m
Rendering template within layouts/base
Rendering public/list
Completed in 396ms (View: 66, DB: 43) | 200 OK [http://localhost/public/list]


Processing PublicController#list (for 127.0.0.1 at 2010-07-04 16:31:52) [GET]
  [4;35;1mSession Load (0.5ms)[0m   [0mSELECT * FROM "sessions" WHERE (updated_at < '2010-07-03 16:31:52') [0m
  [4;36;1mCACHE (0.0ms)[0m   [0;1mSELECT * FROM "sessions" WHERE (updated_at < '2010-07-03 16:31:52') [0m
  [4;35;1mMemo Load (3.4ms)[0m   [0mSELECT * FROM "memos" WHERE ("memos"."mode" = 'public') ORDER BY category ASC, title ASC[0m
  [4;36;1mMemo Load (0.4ms)[0m   [0;1mSELECT DISTINCT category FROM "memos" WHERE (category != '' AND mode = 'public' ) ORDER BY category ASC[0m
Rendering template within layouts/base
Rendering public/list
Completed in 74ms (View: 62, DB: 5) | 200 OK [http://localhost/public/list]


Processing PublicController#list (for 127.0.0.1 at 2010-07-04 16:32:27) [GET]
  [4;35;1mSession Load (0.5ms)[0m   [0mSELECT * FROM "sessions" WHERE (updated_at < '2010-07-03 16:32:27') [0m
  [4;36;1mMemo Load (78.4ms)[0m   [0;1mSELECT * FROM "memos" WHERE ("memos"."mode" = 'public') ORDER BY category ASC, title ASC[0m
  [4;35;1mMemo Load (0.6ms)[0m   [0mSELECT DISTINCT category FROM "memos" WHERE (category != '' AND mode = 'public' ) ORDER BY category ASC[0m
Rendering template within layouts/base
Rendering public/list
Completed in 149ms (View: 62, DB: 80) | 200 OK [http://localhost/public/list]
